[18:40:49] [INFO ] [main] [CYAN/CORE] - Connecting to https://aerialworks.ddns.net/maven, downloading version information...
[18:40:50] [INFO ] [main] [CYAN/CORE] - Received version suffix: Latest PREVIEW
[18:40:50] [INFO ] [main] [CYAN/MODKITMODLOADER] - CyanLoader participated for becoming the root modloader with selection level 5, modloader protocol version: 0.14
[18:40:50] [INFO ] [main] [CYAN/MODLOADER] - Importing coremod protocol:hooks...
[18:40:50] [INFO ] [main] [CYAN/MODLOADER] - Loading mod jars...
[18:40:51] [INFO ] [main] [CYAN/MODLOADER] - Starting CYAN in: /home/stefan/Downloads/HarcoreSpectator/run/Cyan 1.17.1 Client/.cyan-data
[18:40:51] [INFO ] [main] [CYAN/MAPPINGS] - Loading 1.17.1 VANILLA CLIENT mappings...
[18:41:01] [INFO ] [main] [CYAN/MODLOADER] - Starting CyanCore...
[18:41:01] [INFO ] [main] [CYAN/MODLOADER] - Loading FLUID mappings...
[18:41:01] [INFO ] [main] [CYAN/MODLOADER] - Loading FLUID internal class hooks...
[18:41:01] [INFO ] [main] [CYAN/FLUID] - Loading class hook LegacyModKitSupportHook, target class: @ANY
[18:41:01] [INFO ] [main] [CYAN/MODLOADER] - Loading FLUID class load hooks...
[18:41:01] [INFO ] [main] [CYAN/FLUID] - Loading class hook ServerPlayerClassHook, target class: @ANY
[18:41:01] [INFO ] [main] [CYAN/MODLOADER] - Loading FLUID transformers...
[18:41:01] [INFO ] [main] [CYAN/FLUID] - Loading transformer BrandModification...
[18:41:01] [INFO ] [main] [CYAN/FLUID] - Loading transformer LoadingOverlayModification...
[18:41:01] [INFO ] [main] [CYAN/FLUID] - Loading transformer MinecraftModification...
[18:41:01] [INFO ] [main] [CYAN/FLUID] - Loading transformer TitleScreenModification...
[18:41:01] [INFO ] [main] [CYAN/FLUID] - Loading transformer WindowModification...
[18:41:01] [INFO ] [main] [CYAN/FLUID] - Loading transformer CrashReportCategoryModification...
[18:41:01] [INFO ] [main] [CYAN/FLUID] - Loading transformer CrashReportModification...
[18:41:01] [INFO ] [main] [CYAN/FLUID] - Loading transformer MinecraftServerModification...
[18:41:01] [INFO ] [main] [CYAN/FLUID] - Loading transformer SystemReportModification...
[18:41:01] [INFO ] [main] [CYAN/MODLOADER] - Loading Coremod Transformers...
[18:41:01] [INFO ] [main] [CYAN/FLUID] - Loading transformer PlatformSharedEnhancedServerPacketListener...
[18:41:01] [INFO ] [main] [CYAN/FLUID] - Loading transformer SharedEnhancedServerPacketListener...
[18:41:01] [INFO ] [main] [CYAN/FLUID] - Loading transformer SharedPlayerListModification...
[18:41:01] [INFO ] [main] [CYAN/FLUID] - Loading transformer MinecraftServerModification...
[18:41:01] [INFO ] [main] [CYAN/FLUID] - Loading transformer EnhancedServerPacketListener...
[18:41:01] [INFO ] [main] [CYAN/FLUID] - Loading transformer PlatformSharedEnhancedServerPacketListener...
[18:41:01] [INFO ] [main] [CYAN/CORE] - Looking for more transformers...
[18:41:01] [INFO ] [main] [CYAN/CORE] - Loading org.asf.cyan.api.internal.CyanAPIComponent...
[18:41:01] [INFO ] [main] [CYAN/API] - Loading CyanAPI ModKit transformers...
[18:41:01] [INFO ] [main] [CYAN/FLUID] - Loading transformer BlockEntityRenderersModification...
[18:41:01] [INFO ] [main] [CYAN/FLUID] - Loading transformer EntityRenderersModification...
[18:41:01] [INFO ] [main] [CYAN/FLUID] - Loading transformer OnlineServerEntryModification...
[18:41:01] [INFO ] [main] [CYAN/FLUID] - Loading transformer WorldListEntryModification...
[18:41:01] [INFO ] [main] [CYAN/FLUID] - Loading transformer KeyMappingModification...
[18:41:01] [INFO ] [main] [CYAN/FLUID] - Loading transformer OptionsModification...
[18:41:01] [INFO ] [main] [CYAN/FLUID] - Loading transformer MainModification...
[18:41:01] [INFO ] [main] [CYAN/FLUID] - Loading transformer MinecraftModification...
[18:41:01] [INFO ] [main] [CYAN/FLUID] - Loading transformer ClientboundStatusResponsePacketModification...
[18:41:01] [INFO ] [main] [CYAN/FLUID] - Loading transformer ClientPacketListenerModification...
[18:41:01] [INFO ] [main] [CYAN/FLUID] - Loading transformer ConnectScreenModification...
[18:41:01] [INFO ] [main] [CYAN/FLUID] - Loading transformer ServerDataModification...
[18:41:01] [INFO ] [main] [CYAN/FLUID] - Loading transformer ClientPackSourceModification...
[18:41:01] [INFO ] [main] [CYAN/FLUID] - Loading transformer DataFixersModification...
[18:41:01] [INFO ] [main] [CYAN/FLUID] - Loading transformer ItemsModification...
[18:41:01] [INFO ] [main] [CYAN/FLUID] - Loading transformer MinecraftServerModification...
[18:41:01] [INFO ] [main] [CYAN/FLUID] - Loading transformer ServerboundCustomPayloadPacketModification...
[18:41:01] [INFO ] [main] [CYAN/FLUID] - Loading transformer ServerGamePacketListenerModification...
[18:41:01] [INFO ] [main] [CYAN/FLUID] - Loading transformer ServerStatusModification...
[18:41:01] [INFO ] [main] [CYAN/FLUID] - Loading transformer ServerStatusSerializerModification...
[18:41:01] [INFO ] [main] [CYAN/FLUID] - Loading transformer ServerPacksSourceModification...
[18:41:01] [INFO ] [main] [CYAN/FLUID] - Loading transformer ServerResourcesModification...
[18:41:01] [INFO ] [main] [CYAN/FLUID] - Loading transformer StoredUserEntryModification...
[18:41:01] [INFO ] [main] [CYAN/FLUID] - Loading transformer DefaultAttributesModification...
[18:41:01] [INFO ] [main] [CYAN/FLUID] - Loading transformer BlockEntityTypeModification...
[18:41:01] [INFO ] [main] [CYAN/FLUID] - Loading transformer BlocksModification...
[18:41:01] [INFO ] [main] [CYAN/FLUID] - Loading transformer EntityTypeModification...
[18:41:01] [INFO ] [main] [CYAN/FLUID] - Loading transformer LevelStorageAccessModification...
[18:41:01] [INFO ] [main] [CYAN/FLUID] - Loading transformer LevelSummaryModification...
[18:41:01] [INFO ] [main] [CYAN/FLUID] - Loading transformer PrimaryLevelDataModification...
[18:41:01] [INFO ] [main] [CYAN/CORE] - Starting the FLUID agent...
[18:41:01] [INFO ] [main] [CYAN/CORE] - Searching for Cyan Components in loaded jars...
[18:41:02] [INFO ] [main] [CYAN/INSTALLATION] - Loading version manifest file 1.17.1.json...
[18:41:02] [INFO ] [main] [CYAN/MODLOADER] - Adding coremod paths to system classloader...
[18:41:02] [INFO ] [main] [CYAN/MODLOADER] - Downloading coremod maven dependencies...
[18:41:02] [INFO ] [main] [CYAN/MODLOADER] - Scanning CMF mod files...
[18:41:02] [INFO ] [main] [CYAN/MODLOADER] - Importing regular mods...
[18:41:02] [INFO ] [main] [CYAN/MODLOADER] - Downloading mod maven dependencies...
[18:41:02] [INFO ] [main] [CYAN/YGGDRASILAUTHENTICATION] - Authenticating user stefaneekhof@gmail.com...
[18:41:02] [INFO ] [main] [CYAN/MINECRAFT] - Downloading manifest from https://launchermeta.mojang.com/mc/game/version_manifest.json...
[18:41:03] [INFO ] [main] [CYAN/MINECRAFT] - Parsing manifest to json...
[18:41:03] [INFO ] [main] [CYAN/MINECRAFT] - Reading manifest...
[18:41:03] [INFO ] [main] [CYAN/MINECRAFT] - Adding versions...
[18:41:03] [INFO ] [main] [CYAN/MINECRAFT] - Received latest release version: 1.17.1
[18:41:05] [INFO ] [main] [CYAN/MINECRAFT] - Download completed, added/updated 586 versions
[18:41:05] [INFO ] [main] [CYAN/INSTALLATION] - Generating 1.17.1 program arguments...
[18:41:05] [INFO ] [main] [CYAN/CORE] - Loading CYAN information container...
[18:41:05] [INFO ] [main] [CYAN/CORE] - Cyan launch method: IDE Launch
[18:41:05] [INFO ] [main] [CYAN/CORE] - Cyan launch platform: DEOBFUSCATED
[18:41:05] [INFO ] [main] [CYAN/CORE] - 
[18:41:05] [INFO ] [main] [CYAN/CORE] - Welcome to CYAN!
[18:41:05] [INFO ] [main] [CYAN/CORE] - Cyan version: 1.0.0.A14, Minecraft 1.17.1
[18:41:05] [INFO ] [main] [CYAN/CORE] - Full version: 1.17.1-cyan-1.0.0.A14
[18:41:05] [INFO ] [main] [CYAN/CORE] - 
[18:41:05] [INFO ] [main] [CYAN/CORE] - Loading class net.minecraft.client.main.Main...
[18:41:05] [INFO ] [main] [CYAN/CORE] - Starting minecraft...
[18:41:05] [INFO ] [main] [CYAN/MODLOADER] - Loading coremods...
[18:41:05] [INFO ] [main] [CYAN/MODLOADER] - Loading coremod protocol:hooks... (ProtocolHooks)
[18:41:05] [INFO ] [main] [CYAN/MODLOADER] - Finishing bootstrap... Loading postponed components...
[18:41:05] [INFO ] [main] [CYAN/MODLOADER] - Loading final events...
[18:41:06] [INFO ] [main] [CYAN/MODLOADER] - Loading regular mods...
[18:41:06] [INFO ] [main] [CYAN/MODLOADER] - Loading mod hardcore:spectator... (Hardcore: Spectator)
[18:41:06] [INFO ] [main] [CYAN/MODLOADER] - Looking for the KickStart CYAN Installer...
[18:41:06] [INFO ] [main] [CYAN/MODLOADER] - Adding current installation to manifest...
[18:41:06] [INFO ] [main] [CYAN/MODLOADER] - Reloading reflections...
[18:41:06] [INFO ] [main] [CYAN/MODKITCONTROLLER] - Returning to game code...
[18:41:27] [INFO ] [Render thread] [YggdrasilAuthenticationService] - Environment: authHost='https://authserver.mojang.com', accountsHost='https://api.mojang.com', sessionHost='https://sessionserver.mojang.com', servicesHost='https://api.minecraftservices.com', name='PROD'
[18:41:28] [INFO ] [Render thread] [Minecraft] - Setting user: stefan0436
[18:41:29] [INFO ] [Render thread] [Minecraft] - Backend library: LWJGL version 3.2.2 build 10
[18:41:34] [INFO ] [Render thread] [CYAN/HARDCORESPECTATOR] - Initializing the Hardcore: Spectator mod configuration files...
[18:41:34] [INFO ] [Render thread] [CYAN/HARDCORESPECTATOR] - §5--[-- §6HM§r:§dSM§5 --]-- §3Running §6Hardcore: Spectator§3, each player has 5 lives.
[18:41:37] [WARN ] [Render thread] [NarratorLinux] - ERROR : Couldn't load Narrator library : Unable to load library 'fliteWrapper':
libflite.so.1: kan gedeeld objectbestand niet openen: Bestand of map bestaat niet
libflite.so.1: kan gedeeld objectbestand niet openen: Bestand of map bestaat niet
Native library (linux-x86-64/libfliteWrapper.so) not found in resource path ([file:/home/stefan/Downloads/HarcoreSpectator/run/Cyan%201.17.1%20Client/.cyan-data/caches/coremods/protocol/hooks/jars/ProtocolHooks-1.1-1.17.1.jar, file:/home/stefan/Downloads/HarcoreSpectator/run/Cyan%201.17.1%20Client/libraries/org/apache/commons/commons-collections4/4.1/commons-collections4-4.1.jar, file:/home/stefan/Downloads/HarcoreSpectator/run/Cyan%201.17.1%20Client/libraries/org/kamranzafar/jtar/2.3/jtar-2.3.jar])
[18:41:37] [INFO ] [Render thread] [SimpleReloadableResourceManager] - Reloading ResourceManager: Default, Cyan Mods
[18:41:53] [INFO ] [Render thread] [Library] - OpenAL initialized.
[18:41:53] [INFO ] [Render thread] [SoundEngine/SOUNDS] - Sound engine started
[18:41:54] [INFO ] [Render thread] [TextureAtlas] - Created: 1024x1024x4 minecraft:textures/atlas/blocks.png-atlas
[18:41:54] [INFO ] [Render thread] [TextureAtlas] - Created: 256x128x4 minecraft:textures/atlas/signs.png-atlas
[18:41:54] [INFO ] [Render thread] [TextureAtlas] - Created: 1024x512x4 minecraft:textures/atlas/banner_patterns.png-atlas
[18:41:54] [INFO ] [Render thread] [TextureAtlas] - Created: 1024x512x4 minecraft:textures/atlas/shield_patterns.png-atlas
[18:41:54] [INFO ] [Render thread] [TextureAtlas] - Created: 256x256x4 minecraft:textures/atlas/chest.png-atlas
[18:41:54] [INFO ] [Render thread] [TextureAtlas] - Created: 512x256x4 minecraft:textures/atlas/beds.png-atlas
[18:41:54] [INFO ] [Render thread] [TextureAtlas] - Created: 512x256x4 minecraft:textures/atlas/shulker_boxes.png-atlas
[18:41:59] [INFO ] [Render thread] [TextureAtlas] - Created: 256x256x0 minecraft:textures/atlas/particles.png-atlas
[18:42:00] [INFO ] [Render thread] [TextureAtlas] - Created: 256x256x0 minecraft:textures/atlas/paintings.png-atlas
[18:42:00] [INFO ] [Render thread] [TextureAtlas] - Created: 256x128x0 minecraft:textures/atlas/mob_effects.png-atlas
[18:42:00] [INFO ] [Render thread] [ProfiledReloadInstance] - Resource reload finished after 21605 ms
[18:42:00] [INFO ] [Render thread] [ProfiledReloadInstance] - LanguageManager took approximately 54 ms (0 ms preparing, 54 ms applying)
[18:42:00] [INFO ] [Render thread] [ProfiledReloadInstance] - TextureManager took approximately 772 ms (772 ms preparing, 0 ms applying)
[18:42:00] [INFO ] [Render thread] [ProfiledReloadInstance] - SoundManager took approximately 7514 ms (577 ms preparing, 6937 ms applying)
[18:42:00] [INFO ] [Render thread] [ProfiledReloadInstance] - SplashManager took approximately 6409 ms (32 ms preparing, 6377 ms applying)
[18:42:00] [INFO ] [Render thread] [ProfiledReloadInstance] - FontManager took approximately 13306 ms (6929 ms preparing, 6377 ms applying)
[18:42:00] [INFO ] [Render thread] [ProfiledReloadInstance] - GrassColorReloadListener took approximately 5438 ms (124 ms preparing, 5314 ms applying)
[18:42:00] [INFO ] [Render thread] [ProfiledReloadInstance] - FoliageColorReloadListener took approximately 5414 ms (107 ms preparing, 5307 ms applying)
[18:42:00] [INFO ] [Render thread] [ProfiledReloadInstance] - ModelManager took approximately 19720 ms (14418 ms preparing, 5302 ms applying)
[18:42:00] [INFO ] [Render thread] [ProfiledReloadInstance] - EntityModelSet took approximately 3894 ms (0 ms preparing, 3894 ms applying)
[18:42:00] [INFO ] [Render thread] [ProfiledReloadInstance] - BlockEntityRenderDispatcher took approximately 2879 ms (0 ms preparing, 2879 ms applying)
[18:42:00] [INFO ] [Render thread] [ProfiledReloadInstance] - BlockEntityWithoutLevelRenderer took approximately 2613 ms (0 ms preparing, 2613 ms applying)
[18:42:00] [INFO ] [Render thread] [ProfiledReloadInstance] - EntityRenderDispatcher took approximately 2611 ms (0 ms preparing, 2611 ms applying)
[18:42:00] [INFO ] [Render thread] [ProfiledReloadInstance] - ItemRenderer took approximately 1181 ms (0 ms preparing, 1181 ms applying)
[18:42:00] [INFO ] [Render thread] [ProfiledReloadInstance] - GameRenderer took approximately 1175 ms (0 ms preparing, 1175 ms applying)
[18:42:00] [INFO ] [Render thread] [ProfiledReloadInstance] - BlockRenderDispatcher took approximately 493 ms (0 ms preparing, 493 ms applying)
[18:42:00] [INFO ] [Render thread] [ProfiledReloadInstance] - LevelRenderer took approximately 492 ms (0 ms preparing, 492 ms applying)
[18:42:00] [INFO ] [Render thread] [ProfiledReloadInstance] - SearchRegistry took approximately 375 ms (0 ms preparing, 375 ms applying)
[18:42:00] [INFO ] [Render thread] [ProfiledReloadInstance] - ParticleEngine took approximately 2145 ms (2077 ms preparing, 68 ms applying)
[18:42:00] [INFO ] [Render thread] [ProfiledReloadInstance] - PaintingTextureManager took approximately 1345 ms (1312 ms preparing, 33 ms applying)
[18:42:00] [INFO ] [Render thread] [ProfiledReloadInstance] - MobEffectTextureManager took approximately 1374 ms (1342 ms preparing, 32 ms applying)
[18:42:00] [INFO ] [Render thread] [ProfiledReloadInstance] - GpuWarnlistManager took approximately 149 ms (118 ms preparing, 31 ms applying)
[18:42:00] [INFO ] [Render thread] [ProfiledReloadInstance] - CyanReloadListener took approximately 13 ms (0 ms preparing, 13 ms applying)
[18:42:00] [INFO ] [Render thread] [ProfiledReloadInstance] - Total blocking time: 51558 ms
[18:44:13] [WARN ] [Render thread] [Commands] - Ambiguity between arguments [teleport, location] and [teleport, destination] with inputs: [0.1 -0.5 .9, 0 0 0]
[18:44:13] [WARN ] [Render thread] [Commands] - Ambiguity between arguments [teleport, location] and [teleport, targets] with inputs: [0.1 -0.5 .9, 0 0 0]
[18:44:13] [WARN ] [Render thread] [Commands] - Ambiguity between arguments [teleport, destination] and [teleport, targets] with inputs: [Player, 0123, @e, dd12be42-52a9-4a91-a8a1-11c01849e498]
[18:44:13] [WARN ] [Render thread] [Commands] - Ambiguity between arguments [teleport, targets] and [teleport, destination] with inputs: [Player, 0123, dd12be42-52a9-4a91-a8a1-11c01849e498]
[18:44:13] [WARN ] [Render thread] [Commands] - Ambiguity between arguments [teleport, targets, location] and [teleport, targets, destination] with inputs: [0.1 -0.5 .9, 0 0 0]
[18:44:13] [INFO ] [Render thread] [SimpleReloadableResourceManager] - Reloading ResourceManager: Default, Cyan Mods
[18:44:14] [INFO ] [Render thread] [RecipeManager] - Loaded 7 recipes
[18:44:15] [INFO ] [Render thread] [AdvancementList] - Loaded 1137 advancements
[18:44:16] [INFO ] [Render thread] [YggdrasilAuthenticationService] - Environment: authHost='https://authserver.mojang.com', accountsHost='https://api.mojang.com', sessionHost='https://sessionserver.mojang.com', servicesHost='https://api.minecraftservices.com', name='PROD'
[18:44:16] [INFO ] [Server thread] [IntegratedServer] - Starting integrated minecraft server version 1.17.1
[18:44:16] [INFO ] [Server thread] [MinecraftServer] - Generating keypair
[18:44:17] [INFO ] [Server thread] [MinecraftServer] - Preparing start region for dimension minecraft:overworld
[18:44:17] [INFO ] [Render thread] [LoggerChunkProgressListener] - Preparing spawn area: 0%
[18:44:17] [INFO ] [Render thread] [LoggerChunkProgressListener] - Preparing spawn area: 0%
[18:44:18] [INFO ] [Render thread] [LoggerChunkProgressListener] - Preparing spawn area: 0%
[18:44:18] [INFO ] [Render thread] [LoggerChunkProgressListener] - Preparing spawn area: 0%
[18:44:21] [INFO ] [Render thread] [LoggerChunkProgressListener] - Preparing spawn area: 0%
[18:44:21] [INFO ] [Render thread] [LoggerChunkProgressListener] - Preparing spawn area: 0%
[18:44:21] [INFO ] [Render thread] [LoggerChunkProgressListener] - Preparing spawn area: 0%
[18:44:21] [INFO ] [Render thread] [LoggerChunkProgressListener] - Preparing spawn area: 0%
[18:44:21] [INFO ] [Render thread] [LoggerChunkProgressListener] - Preparing spawn area: 0%
[18:44:22] [INFO ] [Render thread] [LoggerChunkProgressListener] - Preparing spawn area: 6%
[18:44:22] [INFO ] [Render thread] [LoggerChunkProgressListener] - Preparing spawn area: 74%
[18:44:22] [INFO ] [Render thread] [LoggerChunkProgressListener] - Preparing spawn area: 89%
[18:44:23] [INFO ] [Render thread] [LoggerChunkProgressListener] - Preparing spawn area: 95%
[18:44:23] [INFO ] [Render thread] [LoggerChunkProgressListener] - Time elapsed: 6335 ms
[18:44:24] [INFO ] [Server thread] [IntegratedServer] - Changing view distance to 7, from 10
[18:44:27] [INFO ] [Render thread] [ProfiledReloadInstance] - Resource reload finished after 14316 ms
[18:44:27] [INFO ] [Render thread] [ProfiledReloadInstance] - TagManager took approximately 629 ms (628 ms preparing, 1 ms applying)
[18:44:27] [INFO ] [Render thread] [ProfiledReloadInstance] - PredicateManager took approximately 35 ms (8 ms preparing, 27 ms applying)
[18:44:27] [INFO ] [Render thread] [ProfiledReloadInstance] - RecipeManager took approximately 1090 ms (1062 ms preparing, 28 ms applying)
[18:44:27] [INFO ] [Render thread] [ProfiledReloadInstance] - LootTables took approximately 1360 ms (1011 ms preparing, 349 ms applying)
[18:44:27] [INFO ] [Render thread] [ProfiledReloadInstance] - ItemModifierManager took approximately 1 ms (0 ms preparing, 1 ms applying)
[18:44:27] [INFO ] [Render thread] [ProfiledReloadInstance] - ServerFunctionLibrary took approximately 23 ms (23 ms preparing, 0 ms applying)
[18:44:27] [INFO ] [Render thread] [ProfiledReloadInstance] - ServerAdvancementManager took approximately 1391 ms (1076 ms preparing, 315 ms applying)
[18:44:27] [INFO ] [Render thread] [ProfiledReloadInstance] - CyanResourceEventListener took approximately 0 ms (0 ms preparing, 0 ms applying)
[18:44:27] [INFO ] [Render thread] [ProfiledReloadInstance] - CyanReloadListener took approximately 10 ms (0 ms preparing, 10 ms applying)
[18:44:27] [INFO ] [Render thread] [ProfiledReloadInstance] - Total blocking time: 731 ms
[18:44:28] [INFO ] [Server thread] [PlayerList] - stefan0436[local:E:ccbab86c] logged in with entity id 247 at (35.5, 64.0, -81.5)
[18:44:28] [INFO ] [Server thread] [MinecraftServer] - stefan0436 joined the game
[18:44:28] [INFO ] [Server thread] [IntegratedServer] - Saving and pausing game...
[18:44:28] [INFO ] [Server thread] [MinecraftServer] - Saving chunks for level 'ServerLevel[New World]'/minecraft:overworld
[18:44:29] [INFO ] [Render thread] [AdvancementList] - Loaded 7 advancements
[18:44:29] [INFO ] [Render thread] [CYAN/MODKITMODLOADER] - CyanLoader has been chosen as root modloader.
[18:44:29] [INFO ] [Render thread] [CYAN/CHANNELCONTEXTCORE] - Finding mod network channels...
[18:44:29] [INFO ] [Render thread] [CYAN/CHANNELCONTEXTCORE] - Loading channel org.asf.cyan.internal.modkitimpl.handshake.CyanHandshakePacketChannel...
[18:44:29] [INFO ] [Netty Server IO #1] [CYAN/HANDSHAKEMODPACKETPROCESSOR] - §6Player stefan0436 logged in with a CYAN client, 3 mods installed.
[18:44:29] [INFO ] [Server thread] [MinecraftServer] - Saving chunks for level 'ServerLevel[New World]'/minecraft:the_nether
[18:44:29] [INFO ] [Server thread] [MinecraftServer] - Saving chunks for level 'ServerLevel[New World]'/minecraft:the_end
[18:44:32] [INFO ] [Server thread] [IntegratedServer] - Saving and pausing game...
[18:44:32] [INFO ] [Server thread] [MinecraftServer] - Saving chunks for level 'ServerLevel[New World]'/minecraft:overworld
[18:44:32] [INFO ] [Server thread] [MinecraftServer] - Saving chunks for level 'ServerLevel[New World]'/minecraft:the_nether
[18:44:32] [INFO ] [Server thread] [MinecraftServer] - Saving chunks for level 'ServerLevel[New World]'/minecraft:the_end
[18:44:54] [INFO ] [Server thread] [MinecraftServer] - stefan0436 fell out of the world
[18:44:54] [INFO ] [Server thread] [MinecraftServer] - [stefan0436: Killed stefan0436]
[18:44:54] [INFO ] [Render thread] [ChatComponent] - [CHAT] stefan0436 fell out of the world
[18:44:54] [INFO ] [Render thread] [ChatComponent] - [CHAT] Killed stefan0436
[18:44:55] [INFO ] [Hardcore Spectator Player Manager] [MinecraftServer] - §eOuch, §6stefan0436§e has just died, §a§n4§r§e live(s) left!
[18:44:55] [INFO ] [Render thread] [ChatComponent] - [CHAT] §eOuch, §6stefan0436§e has just died, §a§n4§r§e live(s) left!
[18:44:56] [INFO ] [Server thread] [MinecraftServer] - stefan0436 fell out of the world
[18:44:56] [INFO ] [Server thread] [MinecraftServer] - [stefan0436: Killed stefan0436]
[18:44:56] [INFO ] [Render thread] [ChatComponent] - [CHAT] stefan0436 fell out of the world
[18:44:56] [INFO ] [Render thread] [ChatComponent] - [CHAT] Killed stefan0436
[18:44:57] [INFO ] [Hardcore Spectator Player Manager] [MinecraftServer] - §eOuch, §6stefan0436§e has just died, §a§n3§r§e live(s) left!
[18:44:57] [INFO ] [Render thread] [ChatComponent] - [CHAT] §eOuch, §6stefan0436§e has just died, §a§n3§r§e live(s) left!
[18:44:58] [INFO ] [Server thread] [MinecraftServer] - stefan0436 fell out of the world
[18:44:58] [INFO ] [Server thread] [MinecraftServer] - [stefan0436: Killed stefan0436]
[18:44:58] [INFO ] [Render thread] [ChatComponent] - [CHAT] stefan0436 fell out of the world
[18:44:58] [INFO ] [Render thread] [ChatComponent] - [CHAT] Killed stefan0436
[18:45:00] [INFO ] [Hardcore Spectator Player Manager] [MinecraftServer] - §6Oh no! Player §9stefan0436§6 only has §c§n2§r§6 live(s) left!
[18:45:00] [INFO ] [Render thread] [ChatComponent] - [CHAT] §6Oh no! Player §9stefan0436§6 only has §c§n2§r§6 live(s) left!
[18:45:00] [INFO ] [Server thread] [MinecraftServer] - stefan0436 fell out of the world
[18:45:00] [INFO ] [Server thread] [MinecraftServer] - [stefan0436: Killed stefan0436]
[18:45:00] [INFO ] [Render thread] [ChatComponent] - [CHAT] stefan0436 fell out of the world
[18:45:00] [INFO ] [Render thread] [ChatComponent] - [CHAT] Killed stefan0436
[18:45:02] [INFO ] [Hardcore Spectator Player Manager] [MinecraftServer] - §6Oh no! Player §9stefan0436§6 only has §c§n1§r§6 live(s) left!
[18:45:02] [INFO ] [Render thread] [ChatComponent] - [CHAT] §6Oh no! Player §9stefan0436§6 only has §c§n1§r§6 live(s) left!
[18:45:03] [INFO ] [Server thread] [MinecraftServer] - stefan0436 fell out of the world
[18:45:03] [INFO ] [Server thread] [MinecraftServer] - [stefan0436: Killed stefan0436]
[18:45:03] [INFO ] [Render thread] [ChatComponent] - [CHAT] stefan0436 fell out of the world
[18:45:03] [INFO ] [Render thread] [ChatComponent] - [CHAT] Killed stefan0436
[18:45:05] [INFO ] [Hardcore Spectator Player Manager] [MinecraftServer] - §cThe player §6stefan0436§c has lost their final life and is now spectating.
[18:45:05] [INFO ] [Render thread] [ChatComponent] - [CHAT] §cThe player §6stefan0436§c has lost their final life and is now spectating.
[18:45:08] [INFO ] [Server thread] [MinecraftServer] - stefan0436 fell out of the world
[18:45:08] [INFO ] [Server thread] [MinecraftServer] - [stefan0436: Killed stefan0436]
[18:45:08] [INFO ] [Render thread] [ChatComponent] - [CHAT] stefan0436 fell out of the world
[18:45:08] [INFO ] [Render thread] [ChatComponent] - [CHAT] Killed stefan0436
[18:45:09] [INFO ] [Hardcore Spectator Player Manager] [MinecraftServer] - §cThe player §6stefan0436§c has lost their final life and is now spectating.
[18:45:09] [INFO ] [Render thread] [ChatComponent] - [CHAT] §cThe player §6stefan0436§c has lost their final life and is now spectating.
[18:45:17] [INFO ] [Render thread] [ChatComponent] - [CHAT] Unknown or incomplete command, see below for error
[18:45:17] [INFO ] [Render thread] [ChatComponent] - [CHAT] ...csp revive<--[HERE]
[18:45:19] [INFO ] [Render thread] [ChatComponent] - [CHAT] §5--[-- §6HM§r:§dSM§5 --]-- §3Revived stefan0436§3.
[18:45:29] [INFO ] [Render thread] [Minecraft] - Stopping!
[18:45:29] [INFO ] [Server thread] [ServerGamePacketListenerImpl] - stefan0436 lost connection: Disconnected
[18:45:29] [INFO ] [Server thread] [MinecraftServer] - stefan0436 left the game
[18:45:29] [INFO ] [Server thread] [ServerGamePacketListenerImpl] - Stopping singleplayer server as player logged out
[18:45:29] [INFO ] [Server thread] [MinecraftServer] - Stopping server
[18:45:29] [INFO ] [Server thread] [MinecraftServer] - Saving players
[18:45:29] [INFO ] [Server thread] [MinecraftServer] - Saving worlds
[18:45:29] [INFO ] [Server thread] [MinecraftServer] - Saving chunks for level 'ServerLevel[New World]'/minecraft:overworld
[18:45:29] [INFO ] [Server thread] [MinecraftServer] - Saving chunks for level 'ServerLevel[New World]'/minecraft:the_nether
[18:45:29] [INFO ] [Server thread] [MinecraftServer] - Saving chunks for level 'ServerLevel[New World]'/minecraft:the_end
[18:45:29] [INFO ] [Server thread] [MinecraftServer] - ThreadedAnvilChunkStorage (New World): All chunks are saved
[18:45:29] [INFO ] [Server thread] [MinecraftServer] - ThreadedAnvilChunkStorage (DIM-1): All chunks are saved
[18:45:29] [INFO ] [Server thread] [MinecraftServer] - ThreadedAnvilChunkStorage (DIM1): All chunks are saved
[18:45:29] [INFO ] [Server thread] [MinecraftServer] - ThreadedAnvilChunkStorage: All dimensions are saved
